[debug] [2018-05-23T18:25:32.351Z] ----------------------------------------------------------------------
[debug] [2018-05-23T18:25:32.356Z] Command:       C:\Program Files\nodejs\node.exe C:\Users\Usuario\AppData\Roaming\npm\node_modules\firebase-tools\bin\firebase serve
[debug] [2018-05-23T18:25:32.356Z] CLI Version:   3.18.5
[debug] [2018-05-23T18:25:32.357Z] Platform:      win32
[debug] [2018-05-23T18:25:32.357Z] Node Version:  v6.11.5
[debug] [2018-05-23T18:25:32.357Z] Time:          Wed May 23 2018 13:25:32 GMT-0500 (Hora de verano central (México))
[debug] [2018-05-23T18:25:32.358Z] ----------------------------------------------------------------------
[debug] 
[debug] [2018-05-23T18:25:32.382Z] > command requires scopes: ["email","openid","https://www.googleapis.com/auth/cloudplatformprojects.readonly","https://www.googleapis.com/auth/firebase","https://www.googleapis.com/auth/cloud-platform"]
[debug] [2018-05-23T18:25:32.384Z] > authorizing via signed-in user
[debug] [2018-05-23T18:25:32.389Z] > refreshing access token with scopes: ["email","https://www.googleapis.com/auth/cloud-platform","https://www.googleapis.com/auth/cloudplatformprojects.readonly","https://www.googleapis.com/auth/firebase","openid"]
[debug] [2018-05-23T18:25:32.389Z] >>> HTTP REQUEST POST https://www.googleapis.com/oauth2/v3/token  
 { refresh_token: '1/wLpSXCh7dz8YyGlNANneILlSS3RlSjH1OdOgIweSbNhFzpmPQOcfej20Q2ZDw9jQ',
  client_id: '563584335869-fgrhgmd47bqnekij5i8b5pr03ho849e6.apps.googleusercontent.com',
  client_secret: 'j9iVZfS8kkCEFUPaAeJV0sAi',
  grant_type: 'refresh_token',
  scope: 'email https://www.googleapis.com/auth/cloud-platform https://www.googleapis.com/auth/cloudplatformprojects.readonly https://www.googleapis.com/auth/firebase openid' } 
 Wed May 23 2018 13:25:32 GMT-0500 (Hora de verano central (México))
[debug] [2018-05-23T18:25:32.645Z] <<< HTTP RESPONSE 200
[debug] [2018-05-23T18:25:32.704Z] >>> HTTP REQUEST GET https://admin.firebase.com/v1/projects/cionchat-5237d  
  
 Wed May 23 2018 13:25:32 GMT-0500 (Hora de verano central (México))
[debug] [2018-05-23T18:25:33.203Z] <<< HTTP RESPONSE 200
[debug] [2018-05-23T18:25:33.204Z] >>> HTTP REQUEST GET https://admin.firebase.com/v1/database/cionchat-5237d/tokens  
  
 Wed May 23 2018 13:25:33 GMT-0500 (Hora de verano central (México))
[debug] [2018-05-23T18:25:33.961Z] <<< HTTP RESPONSE 200
[debug] [2018-05-23T18:25:33.964Z] >>> HTTP REQUEST GET https://cloudresourcemanager.googleapis.com/v1/projects/cionchat-5237d  
  
 Wed May 23 2018 13:25:33 GMT-0500 (Hora de verano central (México))
[debug] [2018-05-23T18:25:34.361Z] <<< HTTP RESPONSE 200
[info] 
[info] === Serving from 'C:\Users\Usuario\Documents\Node-firebase\cloud-functions'...
[info] 
[info] i  functions: Preparing to emulate functions.
[debug] [2018-05-23T18:25:36.311Z] Fetching environment
[debug] [2018-05-23T18:25:36.316Z] >>> HTTP REQUEST GET https://mobilesdk-pa.googleapis.com/v1/projects/406389864921:getServerAppConfig  
  
 Wed May 23 2018 13:25:36 GMT-0500 (Hora de verano central (México))
[debug] [2018-05-23T18:25:36.318Z] >>> HTTP REQUEST GET https://mobilesdk-pa.googleapis.com/v1/projects/406389864921/clients/_:getWebAppConfig  
  
 Wed May 23 2018 13:25:36 GMT-0500 (Hora de verano central (México))
[debug] [2018-05-23T18:25:37.388Z] <<< HTTP RESPONSE 200
[debug] [2018-05-23T18:25:37.388Z] Starting @google-cloud/functions-emulator
[debug] [2018-05-23T18:25:37.462Z] <<< HTTP RESPONSE 200
[info] i  hosting: Serving hosting files from: ./
[info] +  hosting: Local server: http://localhost:5000

